2022-06-30 16:04:03,593 INFO  [localhost-startStop-1] org.springframework.web.context.support.XmlWebApplicationContext - Refreshing Root WebApplicationContext: startup date [Thu Jun 30 16:04:03 CEST 2022]; root of context hierarchy
2022-06-30 16:04:03,754 INFO  [localhost-startStop-1] org.springframework.beans.factory.xml.XmlBeanDefinitionReader - Loading XML bean definitions from class path resource [META-INF/cxf/cxf.xml]
2022-06-30 16:04:03,890 INFO  [localhost-startStop-1] org.springframework.beans.factory.xml.XmlBeanDefinitionReader - Loading XML bean definitions from URL [file:/C:/Users/miche/Desktop/BPD/.metadata/.plugins/org.eclipse.wst.server.core/tmp0/wtpwebapps/VeterinaryRegionalRegister/WEB-INF/spring/webmvc-config.xml]
2022-06-30 16:04:03,924 INFO  [localhost-startStop-1] org.springframework.beans.factory.xml.XmlBeanDefinitionReader - Loading XML bean definitions from URL [file:/C:/Users/miche/Desktop/BPD/.metadata/.plugins/org.eclipse.wst.server.core/tmp0/wtpwebapps/VeterinaryRegionalRegister/WEB-INF/spring/cxf.xml]
2022-06-30 16:04:05,012 INFO  [localhost-startStop-1] org.apache.cxf.wsdl.service.factory.ReflectionServiceFactoryBean - Creating Service {http://eu.chorevolution.farmbusinessstartup/services/veterinaryregionalregister}VeterinaryRegionalRegisterService from class eu.chorevolution.farmbusinessstartup.provider.veterinaryregionalregister.VeterinaryRegionalRegisterPT
2022-06-30 16:04:06,105 INFO  [localhost-startStop-1] org.apache.cxf.endpoint.ServerImpl - Setting the server's publish address to be /VeterinaryRegionalRegister
2022-06-30 16:06:20,675 INFO  [ContainerBackgroundProcessor[StandardEngine[Catalina]]] org.springframework.web.context.support.XmlWebApplicationContext - Closing Root WebApplicationContext: startup date [Thu Jun 30 16:04:03 CEST 2022]; root of context hierarchy
2022-06-30 16:06:23,057 INFO  [ContainerBackgroundProcessor[StandardEngine[Catalina]]] org.springframework.web.context.support.XmlWebApplicationContext - Refreshing Root WebApplicationContext: startup date [Thu Jun 30 16:06:23 CEST 2022]; root of context hierarchy
2022-06-30 16:06:23,184 INFO  [ContainerBackgroundProcessor[StandardEngine[Catalina]]] org.springframework.beans.factory.xml.XmlBeanDefinitionReader - Loading XML bean definitions from class path resource [META-INF/cxf/cxf.xml]
2022-06-30 16:06:23,241 INFO  [ContainerBackgroundProcessor[StandardEngine[Catalina]]] org.springframework.beans.factory.xml.XmlBeanDefinitionReader - Loading XML bean definitions from URL [file:/C:/Users/miche/Desktop/BPD/.metadata/.plugins/org.eclipse.wst.server.core/tmp0/wtpwebapps/VeterinaryRegionalRegister/WEB-INF/spring/webmvc-config.xml]
2022-06-30 16:06:23,255 INFO  [ContainerBackgroundProcessor[StandardEngine[Catalina]]] org.springframework.beans.factory.xml.XmlBeanDefinitionReader - Loading XML bean definitions from URL [file:/C:/Users/miche/Desktop/BPD/.metadata/.plugins/org.eclipse.wst.server.core/tmp0/wtpwebapps/VeterinaryRegionalRegister/WEB-INF/spring/cxf.xml]
2022-06-30 16:06:24,065 INFO  [ContainerBackgroundProcessor[StandardEngine[Catalina]]] org.apache.cxf.wsdl.service.factory.ReflectionServiceFactoryBean - Creating Service {http://eu.chorevolution.farmbusinessstartup/services/veterinaryregionalregister}VeterinaryRegionalRegisterService from class eu.chorevolution.farmbusinessstartup.provider.veterinaryregionalregister.VeterinaryRegionalRegisterPT
2022-06-30 16:06:25,077 INFO  [ContainerBackgroundProcessor[StandardEngine[Catalina]]] org.apache.cxf.endpoint.ServerImpl - Setting the server's publish address to be /VeterinaryRegionalRegister
2022-06-30 16:06:40,599 ERROR [http-nio-6060-exec-9] org.apache.cxf.service.invoker.AbstractInvoker - Invocation without a binding operation.
2022-06-30 16:06:40,610 WARN  [http-nio-6060-exec-9] org.apache.cxf.phase.PhaseInterceptorChain - Interceptor for {http://eu.chorevolution.farmbusinessstartup/services/veterinaryregionalregister}VeterinaryRegionalRegisterService has thrown exception, unwinding now
org.apache.cxf.interceptor.Fault: No binding operation info while invoking unknown method with params unknown.
	at org.apache.cxf.service.invoker.AbstractInvoker.invoke(AbstractInvoker.java:58)
	at org.apache.cxf.interceptor.ServiceInvokerInterceptor$1.run(ServiceInvokerInterceptor.java:59)
	at java.util.concurrent.Executors$RunnableAdapter.call(Executors.java:511)
	at java.util.concurrent.FutureTask.run(FutureTask.java:266)
	at org.apache.cxf.interceptor.ServiceInvokerInterceptor$2.run(ServiceInvokerInterceptor.java:126)
	at org.apache.cxf.workqueue.SynchronousExecutor.execute(SynchronousExecutor.java:37)
	at org.apache.cxf.interceptor.ServiceInvokerInterceptor.handleMessage(ServiceInvokerInterceptor.java:131)
	at org.apache.cxf.phase.PhaseInterceptorChain.doIntercept(PhaseInterceptorChain.java:308)
	at org.apache.cxf.transport.ChainInitiationObserver.onMessage(ChainInitiationObserver.java:121)
	at org.apache.cxf.transport.http.AbstractHTTPDestination.invoke(AbstractHTTPDestination.java:254)
	at org.apache.cxf.transport.servlet.ServletController.invokeDestination(ServletController.java:234)
	at org.apache.cxf.transport.servlet.ServletController.invoke(ServletController.java:208)
	at org.apache.cxf.transport.servlet.ServletController.invoke(ServletController.java:160)
	at org.apache.cxf.transport.servlet.CXFNonSpringServlet.invoke(CXFNonSpringServlet.java:180)
	at org.apache.cxf.transport.servlet.AbstractHTTPServlet.handleRequest(AbstractHTTPServlet.java:298)
	at org.apache.cxf.transport.servlet.AbstractHTTPServlet.doGet(AbstractHTTPServlet.java:222)
	at javax.servlet.http.HttpServlet.service(HttpServlet.java:622)
	at org.apache.cxf.transport.servlet.AbstractHTTPServlet.service(AbstractHTTPServlet.java:273)
	at org.apache.catalina.core.ApplicationFilterChain.internalDoFilter(ApplicationFilterChain.java:230)
	at org.apache.catalina.core.ApplicationFilterChain.doFilter(ApplicationFilterChain.java:165)
	at org.apache.tomcat.websocket.server.WsFilter.doFilter(WsFilter.java:52)
	at org.apache.catalina.core.ApplicationFilterChain.internalDoFilter(ApplicationFilterChain.java:192)
	at org.apache.catalina.core.ApplicationFilterChain.doFilter(ApplicationFilterChain.java:165)
	at org.apache.catalina.core.StandardWrapperValve.invoke(StandardWrapperValve.java:198)
	at org.apache.catalina.core.StandardContextValve.invoke(StandardContextValve.java:96)
	at org.apache.catalina.authenticator.AuthenticatorBase.invoke(AuthenticatorBase.java:474)
	at org.apache.catalina.core.StandardHostValve.invoke(StandardHostValve.java:140)
	at org.apache.catalina.valves.ErrorReportValve.invoke(ErrorReportValve.java:79)
	at org.apache.catalina.valves.AbstractAccessLogValve.invoke(AbstractAccessLogValve.java:624)
	at org.apache.catalina.core.StandardEngineValve.invoke(StandardEngineValve.java:87)
	at org.apache.catalina.connector.CoyoteAdapter.service(CoyoteAdapter.java:349)
	at org.apache.coyote.http11.Http11Processor.service(Http11Processor.java:783)
	at org.apache.coyote.AbstractProcessorLight.process(AbstractProcessorLight.java:66)
	at org.apache.coyote.AbstractProtocol$ConnectionHandler.process(AbstractProtocol.java:798)
	at org.apache.tomcat.util.net.NioEndpoint$SocketProcessor.doRun(NioEndpoint.java:1434)
	at org.apache.tomcat.util.net.SocketProcessorBase.run(SocketProcessorBase.java:49)
	at java.util.concurrent.ThreadPoolExecutor.runWorker(ThreadPoolExecutor.java:1149)
	at java.util.concurrent.ThreadPoolExecutor$Worker.run(ThreadPoolExecutor.java:624)
	at org.apache.tomcat.util.threads.TaskThread$WrappingRunnable.run(TaskThread.java:61)
	at java.lang.Thread.run(Thread.java:748)
2022-06-30 16:07:17,370 INFO  [ContainerBackgroundProcessor[StandardEngine[Catalina]]] org.springframework.web.context.support.XmlWebApplicationContext - Closing Root WebApplicationContext: startup date [Thu Jun 30 16:06:23 CEST 2022]; root of context hierarchy
2022-06-30 16:07:19,756 INFO  [ContainerBackgroundProcessor[StandardEngine[Catalina]]] org.springframework.web.context.support.XmlWebApplicationContext - Refreshing Root WebApplicationContext: startup date [Thu Jun 30 16:07:19 CEST 2022]; root of context hierarchy
2022-06-30 16:07:19,849 INFO  [ContainerBackgroundProcessor[StandardEngine[Catalina]]] org.springframework.beans.factory.xml.XmlBeanDefinitionReader - Loading XML bean definitions from class path resource [META-INF/cxf/cxf.xml]
2022-06-30 16:07:19,898 INFO  [ContainerBackgroundProcessor[StandardEngine[Catalina]]] org.springframework.beans.factory.xml.XmlBeanDefinitionReader - Loading XML bean definitions from URL [file:/C:/Users/miche/Desktop/BPD/.metadata/.plugins/org.eclipse.wst.server.core/tmp0/wtpwebapps/VeterinaryRegionalRegister/WEB-INF/spring/webmvc-config.xml]
2022-06-30 16:07:19,911 INFO  [ContainerBackgroundProcessor[StandardEngine[Catalina]]] org.springframework.beans.factory.xml.XmlBeanDefinitionReader - Loading XML bean definitions from URL [file:/C:/Users/miche/Desktop/BPD/.metadata/.plugins/org.eclipse.wst.server.core/tmp0/wtpwebapps/VeterinaryRegionalRegister/WEB-INF/spring/cxf.xml]
2022-06-30 16:07:20,867 INFO  [ContainerBackgroundProcessor[StandardEngine[Catalina]]] org.apache.cxf.wsdl.service.factory.ReflectionServiceFactoryBean - Creating Service {http://eu.chorevolution.farmbusinessstartup/services/veterinaryregionalregister}VeterinaryRegionalRegisterService from class eu.chorevolution.farmbusinessstartup.provider.veterinaryregionalregister.VeterinaryRegionalRegisterPT
2022-06-30 16:07:22,098 INFO  [ContainerBackgroundProcessor[StandardEngine[Catalina]]] org.apache.cxf.endpoint.ServerImpl - Setting the server's publish address to be /VeterinaryRegionalRegister
2022-06-30 16:07:33,933 INFO  [ContainerBackgroundProcessor[StandardEngine[Catalina]]] org.springframework.web.context.support.XmlWebApplicationContext - Closing Root WebApplicationContext: startup date [Thu Jun 30 16:07:19 CEST 2022]; root of context hierarchy
2022-06-30 16:07:35,467 INFO  [ContainerBackgroundProcessor[StandardEngine[Catalina]]] org.springframework.web.context.support.XmlWebApplicationContext - Refreshing Root WebApplicationContext: startup date [Thu Jun 30 16:07:35 CEST 2022]; root of context hierarchy
2022-06-30 16:07:35,550 INFO  [ContainerBackgroundProcessor[StandardEngine[Catalina]]] org.springframework.beans.factory.xml.XmlBeanDefinitionReader - Loading XML bean definitions from class path resource [META-INF/cxf/cxf.xml]
2022-06-30 16:07:35,595 INFO  [ContainerBackgroundProcessor[StandardEngine[Catalina]]] org.springframework.beans.factory.xml.XmlBeanDefinitionReader - Loading XML bean definitions from URL [file:/C:/Users/miche/Desktop/BPD/.metadata/.plugins/org.eclipse.wst.server.core/tmp0/wtpwebapps/VeterinaryRegionalRegister/WEB-INF/spring/webmvc-config.xml]
2022-06-30 16:07:35,605 INFO  [ContainerBackgroundProcessor[StandardEngine[Catalina]]] org.springframework.beans.factory.xml.XmlBeanDefinitionReader - Loading XML bean definitions from URL [file:/C:/Users/miche/Desktop/BPD/.metadata/.plugins/org.eclipse.wst.server.core/tmp0/wtpwebapps/VeterinaryRegionalRegister/WEB-INF/spring/cxf.xml]
2022-06-30 16:07:36,338 INFO  [ContainerBackgroundProcessor[StandardEngine[Catalina]]] org.apache.cxf.wsdl.service.factory.ReflectionServiceFactoryBean - Creating Service {http://eu.chorevolution.farmbusinessstartup/services/veterinaryregionalregister}VeterinaryRegionalRegisterService from class eu.chorevolution.farmbusinessstartup.provider.veterinaryregionalregister.VeterinaryRegionalRegisterPT
2022-06-30 16:07:37,251 INFO  [ContainerBackgroundProcessor[StandardEngine[Catalina]]] org.apache.cxf.endpoint.ServerImpl - Setting the server's publish address to be /VeterinaryRegionalRegister
